<?xml version="1.0" encoding="UTF-8"?>
<!-- Generated by org.testng.reporters.JUnitXMLReporter -->
<testsuite ignored="0" hostname="EDCMXENLT1137.local" failures="0" tests="1" name="Surefire test" time="0.021" errors="0" timestamp="2024-03-12T12:58:41 CST">
  <testcase classname="Tests.ReportDescendingTest" name="@BeforeMethod setUp" time="-1.710269916576E9">
    <failure type="org.testng.TestNGException" message="
Parameter &amp;apos;browser&amp;apos; is required by BeforeMethod on method setUp but has not been marked @Optional or defined
">
      <![CDATA[org.testng.TestNGException: 
Parameter 'browser' is required by BeforeMethod on method setUp but has not been marked @Optional or defined

at java.base/java.util.ArrayList.forEach(ArrayList.java:1596)
... Removed 33 stack frames]]>
    </failure>
  </testcase> <!-- @BeforeMethod setUp -->
  <testcase classname="Tests.ReportDescendingTest" name="@AfterClass tearDown" time="0.0">
    <skipped/>
  </testcase> <!-- @AfterClass tearDown -->
  <testcase classname="Tests.ReportDescendingTest" name="ReportDescending" time="0.0">
    <skipped/>
  </testcase> <!-- ReportDescending -->
</testsuite> <!-- Surefire test -->
